Using pre-set license
Built from '2021.3/staging' branch; Version is '2021.3.26f1 (a16dc32e0ff2) revision 10579395'; Using compiler version '192829333'; Build Type 'Release'
OS: 'Windows 11  (10.0.22621) 64bit Professional' Language: 'tr' Physical Memory: 16106 MB
BatchMode: 1, IsHumanControllingUs: 0, StartBugReporterOnCrash: 0, Is64bit: 1, IsPro: 1

COMMAND LINE ARGUMENTS:
C:\Program Files\Unity\Hub\Editor\2021.3.26f1-x86_64\Editor\Unity.exe
-adb2
-batchMode
-noUpm
-name
AssetImportWorker0
-projectPath
C:/Users/samet/TP2-31006/RaceGame
-logFile
Logs/AssetImportWorker0.log
-srvPort
50073
Successfully changed project path to: C:/Users/samet/TP2-31006/RaceGame
C:/Users/samet/TP2-31006/RaceGame
[UnityMemory] Configuration Parameters - Can be set up in boot.config
    "memorysetup-bucket-allocator-granularity=16"
    "memorysetup-bucket-allocator-bucket-count=8"
    "memorysetup-bucket-allocator-block-size=33554432"
    "memorysetup-bucket-allocator-block-count=8"
    "memorysetup-main-allocator-block-size=16777216"
    "memorysetup-thread-allocator-block-size=16777216"
    "memorysetup-gfx-main-allocator-block-size=16777216"
    "memorysetup-gfx-thread-allocator-block-size=16777216"
    "memorysetup-cache-allocator-block-size=4194304"
    "memorysetup-typetree-allocator-block-size=2097152"
    "memorysetup-profiler-bucket-allocator-granularity=16"
    "memorysetup-profiler-bucket-allocator-bucket-count=8"
    "memorysetup-profiler-bucket-allocator-block-size=33554432"
    "memorysetup-profiler-bucket-allocator-block-count=8"
    "memorysetup-profiler-allocator-block-size=16777216"
    "memorysetup-profiler-editor-allocator-block-size=1048576"
    "memorysetup-temp-allocator-size-main=16777216"
    "memorysetup-job-temp-allocator-block-size=2097152"
    "memorysetup-job-temp-allocator-block-size-background=1048576"
    "memorysetup-job-temp-allocator-reduction-small-platforms=262144"
    "memorysetup-temp-allocator-size-background-worker=32768"
    "memorysetup-temp-allocator-size-job-worker=262144"
    "memorysetup-temp-allocator-size-preload-manager=33554432"
    "memorysetup-temp-allocator-size-nav-mesh-worker=65536"
    "memorysetup-temp-allocator-size-audio-worker=65536"
    "memorysetup-temp-allocator-size-cloud-worker=32768"
    "memorysetup-temp-allocator-size-gi-baking-worker=262144"
    "memorysetup-temp-allocator-size-gfx=262144"
Player connection [19916] Host "[IP] 172.20.10.5 [Port] 0 [Flags] 2 [Guid] 3730741613 [EditorId] 3730741613 [Version] 1048832 [Id] WindowsEditor(7,SametKarakurt-Laptop) [Debug] 1 [PackageName] WindowsEditor [ProjectName] Editor" joined multi-casting on [225.0.0.222:54997]...

Player connection [19916] Host "[IP] 172.20.10.5 [Port] 0 [Flags] 2 [Guid] 3730741613 [EditorId] 3730741613 [Version] 1048832 [Id] WindowsEditor(7,SametKarakurt-Laptop) [Debug] 1 [PackageName] WindowsEditor [ProjectName] Editor" joined alternative multi-casting on [225.0.0.222:34997]...

Refreshing native plugins compatible for Editor in 78.49 ms, found 3 plugins.
Preloading 0 native plugins for Editor in 0.00 ms.
Initialize engine version: 2021.3.26f1 (a16dc32e0ff2)
[Subsystems] Discovering subsystems at path C:/Program Files/Unity/Hub/Editor/2021.3.26f1-x86_64/Editor/Data/Resources/UnitySubsystems
[Subsystems] Discovering subsystems at path C:/Users/samet/TP2-31006/RaceGame/Assets
GfxDevice: creating device client; threaded=0; jobified=0
Direct3D:
    Version:  Direct3D 11.0 [level 11.1]
    Renderer: NVIDIA GeForce MX330 (ID=0x1d16)
    Vendor:   NVIDIA
    VRAM:     1982 MB
    Driver:   31.0.15.2737
Initialize mono
Mono path[0] = 'C:/Program Files/Unity/Hub/Editor/2021.3.26f1-x86_64/Editor/Data/Managed'
Mono path[1] = 'C:/Program Files/Unity/Hub/Editor/2021.3.26f1-x86_64/Editor/Data/MonoBleedingEdge/lib/mono/unityjit-win32'
Mono config path = 'C:/Program Files/Unity/Hub/Editor/2021.3.26f1-x86_64/Editor/Data/MonoBleedingEdge/etc'
Using monoOptions --debugger-agent=transport=dt_socket,embedding=1,server=y,suspend=n,address=127.0.0.1:56520
Begin MonoManager ReloadAssembly
Registering precompiled unity dll's ...
Register platform support module: C:/Program Files/Unity/Hub/Editor/2021.3.26f1-x86_64/Editor/Data/PlaybackEngines/WebGLSupport/UnityEditor.WebGL.Extensions.dll
Register platform support module: C:/Program Files/Unity/Hub/Editor/2021.3.26f1-x86_64/Editor/Data/PlaybackEngines/WindowsStandaloneSupport/UnityEditor.WindowsStandalone.Extensions.dll
Registered in 0.003571 seconds.
Native extension for WindowsStandalone target not found
Native extension for WebGL target not found
Refreshing native plugins compatible for Editor in 65.67 ms, found 3 plugins.
Preloading 0 native plugins for Editor in 0.00 ms.
Mono: successfully reloaded assembly
- Completed reload, in  0.578 seconds
Domain Reload Profiling:
	ReloadAssembly (579ms)
		BeginReloadAssembly (70ms)
			ExecutionOrderSort (0ms)
			DisableScriptedObjects (0ms)
			BackupInstance (0ms)
			ReleaseScriptingObjects (0ms)
			CreateAndSetChildDomain (1ms)
		EndReloadAssembly (414ms)
			LoadAssemblies (69ms)
			RebuildTransferFunctionScriptingTraits (0ms)
			SetupTypeCache (108ms)
			ReleaseScriptCaches (0ms)
			RebuildScriptCaches (28ms)
			SetupLoadedEditorAssemblies (230ms)
				LogAssemblyErrors (0ms)
				InitializePlatformSupportModulesInManaged (8ms)
				SetLoadedEditorAssemblies (0ms)
				RefreshPlugins (66ms)
				BeforeProcessingInitializeOnLoad (1ms)
				ProcessInitializeOnLoadAttributes (112ms)
				ProcessInitializeOnLoadMethodAttributes (44ms)
				AfterProcessingInitializeOnLoad (0ms)
				EditorAssembliesLoaded (0ms)
			ExecutionOrderSort2 (0ms)
			AwakeInstancesAfterBackupRestoration (0ms)
Platform modules already initialized, skipping
Registering precompiled user dll's ...
Registered in 0.003192 seconds.
Begin MonoManager ReloadAssembly
Symbol file LoadedFromMemory doesn't match image C:\Users\samet\TP2-31006\RaceGame\Library\PackageCache\com.unity.visualscripting@1.8.0\Editor\VisualScripting.Core\Dependencies\YamlDotNet\Unity.VisualScripting.YamlDotNet.dll
Symbol file LoadedFromMemory doesn't match image C:\Users\samet\TP2-31006\RaceGame\Library\PackageCache\com.unity.visualscripting@1.8.0\Editor\VisualScripting.Core\Dependencies\DotNetZip\Unity.VisualScripting.IonicZip.dll
Native extension for WindowsStandalone target not found
Native extension for WebGL target not found
Refreshing native plugins compatible for Editor in 0.64 ms, found 3 plugins.
Preloading 0 native plugins for Editor in 0.00 ms.
Mono: successfully reloaded assembly
- Completed reload, in  1.142 seconds
Domain Reload Profiling:
	ReloadAssembly (1143ms)
		BeginReloadAssembly (109ms)
			ExecutionOrderSort (0ms)
			DisableScriptedObjects (5ms)
			BackupInstance (0ms)
			ReleaseScriptingObjects (0ms)
			CreateAndSetChildDomain (24ms)
		EndReloadAssembly (937ms)
			LoadAssemblies (73ms)
			RebuildTransferFunctionScriptingTraits (0ms)
			SetupTypeCache (294ms)
			ReleaseScriptCaches (1ms)
			RebuildScriptCaches (77ms)
			SetupLoadedEditorAssemblies (440ms)
				LogAssemblyErrors (0ms)
				InitializePlatformSupportModulesInManaged (12ms)
				SetLoadedEditorAssemblies (1ms)
				RefreshPlugins (1ms)
				BeforeProcessingInitializeOnLoad (95ms)
				ProcessInitializeOnLoadAttributes (286ms)
				ProcessInitializeOnLoadMethodAttributes (40ms)
				AfterProcessingInitializeOnLoad (5ms)
				EditorAssembliesLoaded (0ms)
			ExecutionOrderSort2 (0ms)
			AwakeInstancesAfterBackupRestoration (6ms)
Platform modules already initialized, skipping
========================================================================
Worker process is ready to serve import requests
Launched and connected shader compiler UnityShaderCompiler.exe after 0.08 seconds
Refreshing native plugins compatible for Editor in 1.74 ms, found 3 plugins.
Preloading 0 native plugins for Editor in 0.00 ms.
Unloading 3060 Unused Serialized files (Serialized files now loaded: 0)
Unloading 22 unused Assets / (56.7 KB). Loaded Objects now: 3529.
Memory consumption went from 109.4 MB to 109.4 MB.
Total: 4.014000 ms (FindLiveObjects: 0.252700 ms CreateObjectMapping: 0.110500 ms MarkObjects: 3.532700 ms  DeleteObjects: 0.116600 ms)

AssetImportParameters requested are different than current active one (requested -> active):
  custom:video-decoder-ogg-theora: a1e56fd34408186e4bbccfd4996cb3dc -> 
  custom:container-muxer-webm: aa71ff27fc2769a1b78a27578f13a17b -> 
  custom:container-demuxer-webm: 4f35f7cbe854078d1ac9338744f61a02 -> 
  custom:video-encoder-webm-vp8: eb34c28f22e8b96e1ab97ce403110664 -> 
  custom:audio-encoder-webm-vorbis: bf7c407c2cedff20999df2af8eb42d56 -> 
  custom:framework-win-MediaFoundation: 216162199b28c13a410421893ffa2e32 -> 
  custom:container-demuxer-ogg: 62fdf1f143b41e24485cea50d1cbac27 -> 
  custom:video-decoder-webm-vp8: 9c59270c3fd7afecdb556c50c9e8de78 -> 
  custom:audio-decoder-ogg-vorbis: bf7c407c2cedff20999df2af8eb42d56 -> 
========================================================================
Received Import Request.
  Time since last request: 366.059337 seconds.
  path: Assets/Background.mat
  artifactKey: Guid(9026e43e01e35f44e99ba24c5f10325e) Importer(815301076,1909f56bfc062723c751e8b465ee728b)
Start importing Assets/Background.mat using Guid(9026e43e01e35f44e99ba24c5f10325e) Importer(815301076,1909f56bfc062723c751e8b465ee728b)  -> (artifact id: 'a63a08f9499d1b465aac29c65b9bd8da') in 0.211646 seconds 
========================================================================
Received Prepare
Registering precompiled user dll's ...
Registered in 0.004890 seconds.
Begin MonoManager ReloadAssembly
Symbol file LoadedFromMemory doesn't match image C:\Users\samet\TP2-31006\RaceGame\Library\PackageCache\com.unity.visualscripting@1.8.0\Editor\VisualScripting.Core\Dependencies\YamlDotNet\Unity.VisualScripting.YamlDotNet.dll
Symbol file LoadedFromMemory doesn't match image C:\Users\samet\TP2-31006\RaceGame\Library\PackageCache\com.unity.visualscripting@1.8.0\Editor\VisualScripting.Core\Dependencies\DotNetZip\Unity.VisualScripting.IonicZip.dll
Native extension for WindowsStandalone target not found
Native extension for WebGL target not found
Refreshing native plugins compatible for Editor in 0.73 ms, found 3 plugins.
Preloading 0 native plugins for Editor in 0.00 ms.
Mono: successfully reloaded assembly
- Completed reload, in  1.219 seconds
Domain Reload Profiling:
	ReloadAssembly (1220ms)
		BeginReloadAssembly (214ms)
			ExecutionOrderSort (0ms)
			DisableScriptedObjects (5ms)
			BackupInstance (0ms)
			ReleaseScriptingObjects (0ms)
			CreateAndSetChildDomain (67ms)
		EndReloadAssembly (880ms)
			LoadAssemblies (117ms)
			RebuildTransferFunctionScriptingTraits (0ms)
			SetupTypeCache (343ms)
			ReleaseScriptCaches (2ms)
			RebuildScriptCaches (49ms)
			SetupLoadedEditorAssemblies (338ms)
				LogAssemblyErrors (0ms)
				InitializePlatformSupportModulesInManaged (7ms)
				SetLoadedEditorAssemblies (1ms)
				RefreshPlugins (1ms)
				BeforeProcessingInitializeOnLoad (65ms)
				ProcessInitializeOnLoadAttributes (235ms)
				ProcessInitializeOnLoadMethodAttributes (22ms)
				AfterProcessingInitializeOnLoad (7ms)
				EditorAssembliesLoaded (0ms)
			ExecutionOrderSort2 (0ms)
			AwakeInstancesAfterBackupRestoration (8ms)
Platform modules already initialized, skipping
Refreshing native plugins compatible for Editor in 2.20 ms, found 3 plugins.
Preloading 0 native plugins for Editor in 0.00 ms.
Unloading 3053 Unused Serialized files (Serialized files now loaded: 0)
Unloading 15 unused Assets / (24.6 KB). Loaded Objects now: 3573.
Memory consumption went from 113.6 MB to 113.6 MB.
Total: 3.236900 ms (FindLiveObjects: 0.296400 ms CreateObjectMapping: 0.216200 ms MarkObjects: 2.684700 ms  DeleteObjects: 0.038400 ms)

AssetImportParameters requested are different than current active one (requested -> active):
  custom:video-decoder-ogg-theora: a1e56fd34408186e4bbccfd4996cb3dc -> 
  custom:container-muxer-webm: aa71ff27fc2769a1b78a27578f13a17b -> 
  custom:container-demuxer-webm: 4f35f7cbe854078d1ac9338744f61a02 -> 
  custom:video-encoder-webm-vp8: eb34c28f22e8b96e1ab97ce403110664 -> 
  custom:audio-encoder-webm-vorbis: bf7c407c2cedff20999df2af8eb42d56 -> 
  custom:framework-win-MediaFoundation: 216162199b28c13a410421893ffa2e32 -> 
  custom:container-demuxer-ogg: 62fdf1f143b41e24485cea50d1cbac27 -> 
  custom:video-decoder-webm-vp8: 9c59270c3fd7afecdb556c50c9e8de78 -> 
  custom:audio-decoder-ogg-vorbis: bf7c407c2cedff20999df2af8eb42d56 -> 
========================================================================
Received Import Request.
  Time since last request: 30.200631 seconds.
  path: Assets/Coins Sfx
  artifactKey: Guid(c0d075f8c9ab1104e833ed7b8baba043) Importer(815301076,1909f56bfc062723c751e8b465ee728b)
Start importing Assets/Coins Sfx using Guid(c0d075f8c9ab1104e833ed7b8baba043) Importer(815301076,1909f56bfc062723c751e8b465ee728b)  -> (artifact id: '5d3896eda0646f219d988982270ca44d') in 0.022226 seconds 
========================================================================
Received Import Request.
  Time since last request: 6.893111 seconds.
  path: Assets/DavePixel
  artifactKey: Guid(1046fb8e29400ec46a9736dcd7b4ac45) Importer(815301076,1909f56bfc062723c751e8b465ee728b)
Start importing Assets/DavePixel using Guid(1046fb8e29400ec46a9736dcd7b4ac45) Importer(815301076,1909f56bfc062723c751e8b465ee728b)  -> (artifact id: '6e2e80c63ac2fba5f69de381b35c9274') in 0.008863 seconds 
========================================================================
Received Import Request.
  Time since last request: 1.324826 seconds.
  path: Assets/DavePixel/PirateCoin HDRP
  artifactKey: Guid(4e91082499445994e898d01e3605fc1e) Importer(815301076,1909f56bfc062723c751e8b465ee728b)
Start importing Assets/DavePixel/PirateCoin HDRP using Guid(4e91082499445994e898d01e3605fc1e) Importer(815301076,1909f56bfc062723c751e8b465ee728b)  -> (artifact id: 'f2991bcb6b81b9c63fcea6a4bd135a32') in 0.010344 seconds 
========================================================================
Received Import Request.
  Time since last request: 2.659655 seconds.
  path: Assets/Abandoned World
  artifactKey: Guid(88b94a48ae19e11498bc7dca9314dfb8) Importer(815301076,1909f56bfc062723c751e8b465ee728b)
Start importing Assets/Abandoned World using Guid(88b94a48ae19e11498bc7dca9314dfb8) Importer(815301076,1909f56bfc062723c751e8b465ee728b)  -> (artifact id: '789fdd5a5efad526fcde580056b8f3a1') in 0.010920 seconds 
========================================================================
Received Import Request.
  Time since last request: 0.540534 seconds.
  path: Assets/Abandoned World/Metal and Concrete Barrier
  artifactKey: Guid(2d55956e59cc47f4eb034c3fb63aeb74) Importer(815301076,1909f56bfc062723c751e8b465ee728b)
Start importing Assets/Abandoned World/Metal and Concrete Barrier using Guid(2d55956e59cc47f4eb034c3fb63aeb74) Importer(815301076,1909f56bfc062723c751e8b465ee728b)  -> (artifact id: 'c3bee0a73c8c9ba4be143382f4c1694c') in 0.021341 seconds 
========================================================================
Received Import Request.
  Time since last request: 0.771009 seconds.
  path: Assets/Abandoned World/Metal and Concrete Barrier/Materials
  artifactKey: Guid(06661b8b1cc9beb4b9166dacaabba3ba) Importer(815301076,1909f56bfc062723c751e8b465ee728b)
Start importing Assets/Abandoned World/Metal and Concrete Barrier/Materials using Guid(06661b8b1cc9beb4b9166dacaabba3ba) Importer(815301076,1909f56bfc062723c751e8b465ee728b)  -> (artifact id: '305b032920d19576cb15c3ef885d5dd7') in 0.008221 seconds 
========================================================================
Received Import Request.
  Time since last request: 0.155169 seconds.
  path: Assets/Abandoned World/Metal and Concrete Barrier/Materials/Metal_Concrete_Barrier.mat
  artifactKey: Guid(1dbe9939191ae904b89e67c5e8796b7d) Importer(815301076,1909f56bfc062723c751e8b465ee728b)
Start importing Assets/Abandoned World/Metal and Concrete Barrier/Materials/Metal_Concrete_Barrier.mat using Guid(1dbe9939191ae904b89e67c5e8796b7d) Importer(815301076,1909f56bfc062723c751e8b465ee728b)  -> (artifact id: '5c2d355283935b012bd2e0d11583bf66') in 0.141312 seconds 
========================================================================
Received Import Request.
  Time since last request: 2.865985 seconds.
  path: Assets/CartoonLowPolyCityLite
  artifactKey: Guid(bf8202d10a5abb74fb8f8040509b1b97) Importer(815301076,1909f56bfc062723c751e8b465ee728b)
Start importing Assets/CartoonLowPolyCityLite using Guid(bf8202d10a5abb74fb8f8040509b1b97) Importer(815301076,1909f56bfc062723c751e8b465ee728b)  -> (artifact id: '2ad81736b3a9fff4c6432f69d679a197') in 0.012528 seconds 
========================================================================
Received Import Request.
  Time since last request: 0.626286 seconds.
  path: Assets/CartoonLowPolyCityLite/Models
  artifactKey: Guid(51fa6e138e5da07409149d7f0337fe76) Importer(815301076,1909f56bfc062723c751e8b465ee728b)
Start importing Assets/CartoonLowPolyCityLite/Models using Guid(51fa6e138e5da07409149d7f0337fe76) Importer(815301076,1909f56bfc062723c751e8b465ee728b)  -> (artifact id: '719cec022b5c1408f851b48878fee3c4') in 0.012981 seconds 
========================================================================
Received Import Request.
  Time since last request: 0.231467 seconds.
  path: Assets/CartoonLowPolyCityLite/Models/BG.fbx
  artifactKey: Guid(42c88fdbf5da8284b9f807363e99224c) Importer(815301076,1909f56bfc062723c751e8b465ee728b)
Start importing Assets/CartoonLowPolyCityLite/Models/BG.fbx using Guid(42c88fdbf5da8284b9f807363e99224c) Importer(815301076,1909f56bfc062723c751e8b465ee728b)  -> (artifact id: '2c900fd1315470f59c31ea8e1789ae0d') in 0.097662 seconds 
========================================================================
Received Import Request.
  Time since last request: 0.000031 seconds.
  path: Assets/CartoonLowPolyCityLite/Models/House_16.fbx
  artifactKey: Guid(68f231344d354a34b9e3b1548957becf) Importer(815301076,1909f56bfc062723c751e8b465ee728b)
Start importing Assets/CartoonLowPolyCityLite/Models/House_16.fbx using Guid(68f231344d354a34b9e3b1548957becf) Importer(815301076,1909f56bfc062723c751e8b465ee728b)  -> (artifact id: '3c97966c5a5596e6d59369392920e206') in 0.026594 seconds 
========================================================================
Received Import Request.
  Time since last request: 0.000037 seconds.
  path: Assets/CartoonLowPolyCityLite/Models/Wheel_01.fbx
  artifactKey: Guid(44d75a02ae0c8254b9488a4d26b7566b) Importer(815301076,1909f56bfc062723c751e8b465ee728b)
Start importing Assets/CartoonLowPolyCityLite/Models/Wheel_01.fbx using Guid(44d75a02ae0c8254b9488a4d26b7566b) Importer(815301076,1909f56bfc062723c751e8b465ee728b)  -> (artifact id: '10eb6a94ae48ea1a51347fe5b186682e') in 0.025245 seconds 
========================================================================
Received Import Request.
  Time since last request: 0.000040 seconds.
  path: Assets/CartoonLowPolyCityLite/Models/Road_10.fbx
  artifactKey: Guid(b4425984c92dc7940bda507532f2531b) Importer(815301076,1909f56bfc062723c751e8b465ee728b)
Start importing Assets/CartoonLowPolyCityLite/Models/Road_10.fbx using Guid(b4425984c92dc7940bda507532f2531b) Importer(815301076,1909f56bfc062723c751e8b465ee728b)  -> (artifact id: '3f64a7d948fb2b4a96afcb25218c31c9') in 0.022657 seconds 
========================================================================
Received Import Request.
  Time since last request: 2.976526 seconds.
  path: Assets/DinV
  artifactKey: Guid(4cf980da2d7fa8548899af353ceb8463) Importer(815301076,1909f56bfc062723c751e8b465ee728b)
Start importing Assets/DinV using Guid(4cf980da2d7fa8548899af353ceb8463) Importer(815301076,1909f56bfc062723c751e8b465ee728b)  -> (artifact id: 'f4f785f271a8455cca2858c8c75b2ae8') in 0.009367 seconds 
========================================================================
Received Import Request.
  Time since last request: 3.004217 seconds.
  path: Assets/DinV/Dynamic Space Background
  artifactKey: Guid(cfbbfb20b2395ec48ba47f1f035266d3) Importer(815301076,1909f56bfc062723c751e8b465ee728b)
Start importing Assets/DinV/Dynamic Space Background using Guid(cfbbfb20b2395ec48ba47f1f035266d3) Importer(815301076,1909f56bfc062723c751e8b465ee728b)  -> (artifact id: 'f2e68724e7a2b28ff1c98a23b2f46d8a') in 0.008521 seconds 
========================================================================
Received Import Request.
  Time since last request: 0.505525 seconds.
  path: Assets/DinV/Dynamic Space Background/Sprites
  artifactKey: Guid(3ec1885b01800f2418a75597e3cc12b1) Importer(815301076,1909f56bfc062723c751e8b465ee728b)
Start importing Assets/DinV/Dynamic Space Background/Sprites using Guid(3ec1885b01800f2418a75597e3cc12b1) Importer(815301076,1909f56bfc062723c751e8b465ee728b)  -> (artifact id: 'a7a75828784e358d05bfdd7e0aa96140') in 0.009105 seconds 
========================================================================
Received Import Request.
  Time since last request: 0.051033 seconds.
  path: Assets/DinV/Dynamic Space Background/Sprites/Nebula Aqua-Pink.png
  artifactKey: Guid(d9b31ebd60af68c469212c1a9f513e74) Importer(815301076,1909f56bfc062723c751e8b465ee728b)
Start importing Assets/DinV/Dynamic Space Background/Sprites/Nebula Aqua-Pink.png using Guid(d9b31ebd60af68c469212c1a9f513e74) Importer(815301076,1909f56bfc062723c751e8b465ee728b)  -> (artifact id: 'ad17ab846ea6f02f45f15477f7cd8889') in 0.365540 seconds 
========================================================================
Received Import Request.
  Time since last request: 0.000050 seconds.
  path: Assets/DinV/Dynamic Space Background/Sprites/Stars-Big_1.png
  artifactKey: Guid(c6944f9f15bd0ca4087bcdf033f0e162) Importer(815301076,1909f56bfc062723c751e8b465ee728b)
Start importing Assets/DinV/Dynamic Space Background/Sprites/Stars-Big_1.png using Guid(c6944f9f15bd0ca4087bcdf033f0e162) Importer(815301076,1909f56bfc062723c751e8b465ee728b)  -> (artifact id: '9bd6f0d67d2dd6888f66d3e34464f8c1') in 0.290509 seconds 
========================================================================
Received Import Request.
  Time since last request: 0.000044 seconds.
  path: Assets/DinV/Dynamic Space Background/Sprites/Nebula Red.png
  artifactKey: Guid(35313af049b4a2f42a0325330c51d74a) Importer(815301076,1909f56bfc062723c751e8b465ee728b)
Start importing Assets/DinV/Dynamic Space Background/Sprites/Nebula Red.png using Guid(35313af049b4a2f42a0325330c51d74a) Importer(815301076,1909f56bfc062723c751e8b465ee728b)  -> (artifact id: 'b00c8d09124dbf42b32ef2cdc3c12ec0') in 1.670159 seconds 
========================================================================
Received Import Request.
  Time since last request: 5.228102 seconds.
  path: Assets/Free 2D Cartoon Parallax Background
  artifactKey: Guid(77b605cfcb9b79b4ca67c9c681dee062) Importer(815301076,1909f56bfc062723c751e8b465ee728b)
Start importing Assets/Free 2D Cartoon Parallax Background using Guid(77b605cfcb9b79b4ca67c9c681dee062) Importer(815301076,1909f56bfc062723c751e8b465ee728b)  -> (artifact id: 'a12319a38521b63cbc0cd14677623607') in 0.009407 seconds 
========================================================================
Received Import Request.
  Time since last request: 1.865744 seconds.
  path: Assets/Free 2D Cartoon Parallax Background/2_Desert
  artifactKey: Guid(345cd2eb8785b0848aed476d9451a666) Importer(815301076,1909f56bfc062723c751e8b465ee728b)
Start importing Assets/Free 2D Cartoon Parallax Background/2_Desert using Guid(345cd2eb8785b0848aed476d9451a666) Importer(815301076,1909f56bfc062723c751e8b465ee728b)  -> (artifact id: '40e892fe473f79ce587912f8f4a7edca') in 0.012975 seconds 
========================================================================
Received Import Request.
  Time since last request: 0.018357 seconds.
  path: Assets/Free 2D Cartoon Parallax Background/2_Desert/Layer_0.png
  artifactKey: Guid(c923db515dd60ec4e9cd1f350be245a9) Importer(815301076,1909f56bfc062723c751e8b465ee728b)
Start importing Assets/Free 2D Cartoon Parallax Background/2_Desert/Layer_0.png using Guid(c923db515dd60ec4e9cd1f350be245a9) Importer(815301076,1909f56bfc062723c751e8b465ee728b)  -> (artifact id: 'b97eeb00d6ce1ead91229459f113a650') in 0.146876 seconds 
========================================================================
Received Import Request.
  Time since last request: 0.000032 seconds.
  path: Assets/Free 2D Cartoon Parallax Background/2_Desert/Layer_3.png
  artifactKey: Guid(b5b8e73cc720ab446a25f00fc5ae7dc6) Importer(815301076,1909f56bfc062723c751e8b465ee728b)
Start importing Assets/Free 2D Cartoon Parallax Background/2_Desert/Layer_3.png using Guid(b5b8e73cc720ab446a25f00fc5ae7dc6) Importer(815301076,1909f56bfc062723c751e8b465ee728b)  -> (artifact id: '46ad27cf20bfcd7beac3630232621bfb') in 0.127582 seconds 
========================================================================
Received Import Request.
  Time since last request: 0.000042 seconds.
  path: Assets/Free 2D Cartoon Parallax Background/2_Desert/Layer_2.png
  artifactKey: Guid(b670707b2788d99448bbb478fc248530) Importer(815301076,1909f56bfc062723c751e8b465ee728b)
Start importing Assets/Free 2D Cartoon Parallax Background/2_Desert/Layer_2.png using Guid(b670707b2788d99448bbb478fc248530) Importer(815301076,1909f56bfc062723c751e8b465ee728b)  -> (artifact id: 'f6084296c85fa6ff07b0bfffe0186368') in 0.116072 seconds 
========================================================================
Received Import Request.
  Time since last request: 6.826911 seconds.
  path: Assets/Free Game Items
  artifactKey: Guid(1516e02cc6ee0294d87a478cfd97ba37) Importer(815301076,1909f56bfc062723c751e8b465ee728b)
Start importing Assets/Free Game Items using Guid(1516e02cc6ee0294d87a478cfd97ba37) Importer(815301076,1909f56bfc062723c751e8b465ee728b)  -> (artifact id: '722792a73245680f32a3c34f327d6933') in 0.009693 seconds 
========================================================================
Received Import Request.
  Time since last request: 0.025884 seconds.
  path: Assets/Free Game Items/preview.png
  artifactKey: Guid(f9d96f4e7a15ef24c8c757d3388b9c20) Importer(815301076,1909f56bfc062723c751e8b465ee728b)
Start importing Assets/Free Game Items/preview.png using Guid(f9d96f4e7a15ef24c8c757d3388b9c20) Importer(815301076,1909f56bfc062723c751e8b465ee728b)  -> (artifact id: 'b3a904f3dac11c8873cf5a2d4200b5be') in 0.074370 seconds 
========================================================================
Received Import Request.
  Time since last request: 1.691612 seconds.
  path: Assets/Free Game Items/150dpi
  artifactKey: Guid(becde04e1e827274e9a6a6b8b7c4f11b) Importer(815301076,1909f56bfc062723c751e8b465ee728b)
Start importing Assets/Free Game Items/150dpi using Guid(becde04e1e827274e9a6a6b8b7c4f11b) Importer(815301076,1909f56bfc062723c751e8b465ee728b)  -> (artifact id: '0788409abe6b1f029e09aca4b5839521') in 0.009949 seconds 
========================================================================
Received Import Request.
  Time since last request: 0.045099 seconds.
  path: Assets/Free Game Items/150dpi/ammo.png
  artifactKey: Guid(aa57974480905bf499820ea43667c426) Importer(815301076,1909f56bfc062723c751e8b465ee728b)
Start importing Assets/Free Game Items/150dpi/ammo.png using Guid(aa57974480905bf499820ea43667c426) Importer(815301076,1909f56bfc062723c751e8b465ee728b)  -> (artifact id: '5800d49e8b63ec8ae42c6c7d85729340') in 0.034562 seconds 
========================================================================
Received Import Request.
  Time since last request: 0.000110 seconds.
  path: Assets/Free Game Items/150dpi/bronze_coin.png
  artifactKey: Guid(cd1bc36084c02974f86d25935060bfff) Importer(815301076,1909f56bfc062723c751e8b465ee728b)
Start importing Assets/Free Game Items/150dpi/bronze_coin.png using Guid(cd1bc36084c02974f86d25935060bfff) Importer(815301076,1909f56bfc062723c751e8b465ee728b)  -> (artifact id: '7ab94c974009ebf80992acc5eaa5db3c') in 0.033350 seconds 
========================================================================
Received Import Request.
  Time since last request: 0.000046 seconds.
  path: Assets/Free Game Items/150dpi/rifle.png
  artifactKey: Guid(92ee55949e6b8da4ab7ff6e946f1e48e) Importer(815301076,1909f56bfc062723c751e8b465ee728b)
Start importing Assets/Free Game Items/150dpi/rifle.png using Guid(92ee55949e6b8da4ab7ff6e946f1e48e) Importer(815301076,1909f56bfc062723c751e8b465ee728b)  -> (artifact id: '81f13945753857c2e602e0dd0c877cd1') in 0.036260 seconds 
========================================================================
Received Import Request.
  Time since last request: 0.000038 seconds.
  path: Assets/Free Game Items/150dpi/potion_2.png
  artifactKey: Guid(fca6ac5c4c4963b4e9961bad2f9dcc60) Importer(815301076,1909f56bfc062723c751e8b465ee728b)
Start importing Assets/Free Game Items/150dpi/potion_2.png using Guid(fca6ac5c4c4963b4e9961bad2f9dcc60) Importer(815301076,1909f56bfc062723c751e8b465ee728b)  -> (artifact id: 'c0e33835b4fab9a6d54bd453111e2f6f') in 0.031058 seconds 
========================================================================
Received Import Request.
  Time since last request: 0.000033 seconds.
  path: Assets/Free Game Items/150dpi/brick.png
  artifactKey: Guid(e90f925b4b0e49b47b6607adb53587be) Importer(815301076,1909f56bfc062723c751e8b465ee728b)
Start importing Assets/Free Game Items/150dpi/brick.png using Guid(e90f925b4b0e49b47b6607adb53587be) Importer(815301076,1909f56bfc062723c751e8b465ee728b)  -> (artifact id: 'e7974c97678618a44a34b8710e25e1cc') in 0.029741 seconds 
========================================================================
Received Import Request.
  Time since last request: 0.000042 seconds.
  path: Assets/Free Game Items/150dpi/rope.png
  artifactKey: Guid(e0b29b674779a0249959c4204230fca5) Importer(815301076,1909f56bfc062723c751e8b465ee728b)
Start importing Assets/Free Game Items/150dpi/rope.png using Guid(e0b29b674779a0249959c4204230fca5) Importer(815301076,1909f56bfc062723c751e8b465ee728b)  -> (artifact id: 'ad81ddc65fd94cbd4e3c351c20ed96b6') in 0.031803 seconds 
========================================================================
Received Import Request.
  Time since last request: 0.000027 seconds.
  path: Assets/Free Game Items/150dpi/gem_4.png
  artifactKey: Guid(23fc6487bbe36c243a399785ba582eef) Importer(815301076,1909f56bfc062723c751e8b465ee728b)
Start importing Assets/Free Game Items/150dpi/gem_4.png using Guid(23fc6487bbe36c243a399785ba582eef) Importer(815301076,1909f56bfc062723c751e8b465ee728b)  -> (artifact id: '2230fc719669f94ea1cb503b202365ce') in 0.027918 seconds 
========================================================================
Received Import Request.
  Time since last request: 0.000030 seconds.
  path: Assets/Free Game Items/150dpi/scroll.png
  artifactKey: Guid(47ee81f5b1b023a4db6f54e6705b9c1d) Importer(815301076,1909f56bfc062723c751e8b465ee728b)
Start importing Assets/Free Game Items/150dpi/scroll.png using Guid(47ee81f5b1b023a4db6f54e6705b9c1d) Importer(815301076,1909f56bfc062723c751e8b465ee728b)  -> (artifact id: 'ef2a5c4c49a02c5d55931f5475a2ca23') in 0.032902 seconds 
========================================================================
Received Import Request.
  Time since last request: 0.000030 seconds.
  path: Assets/Free Game Items/150dpi/bomb.png
  artifactKey: Guid(cacbda78d462c744499e8adb7ad49c33) Importer(815301076,1909f56bfc062723c751e8b465ee728b)
Start importing Assets/Free Game Items/150dpi/bomb.png using Guid(cacbda78d462c744499e8adb7ad49c33) Importer(815301076,1909f56bfc062723c751e8b465ee728b)  -> (artifact id: '32ed1bebc5211296ab2439ebb838f1ec') in 0.029528 seconds 
========================================================================
Received Import Request.
  Time since last request: 0.000040 seconds.
  path: Assets/Free Game Items/150dpi/potion_1.png
  artifactKey: Guid(628d4a22608347044bc9feb9feb67c4c) Importer(815301076,1909f56bfc062723c751e8b465ee728b)
Start importing Assets/Free Game Items/150dpi/potion_1.png using Guid(628d4a22608347044bc9feb9feb67c4c) Importer(815301076,1909f56bfc062723c751e8b465ee728b)  -> (artifact id: '9e42f49c874d9cb69e91fe09b79087f0') in 0.028545 seconds 
========================================================================
Received Import Request.
  Time since last request: 0.000043 seconds.
  path: Assets/Free Game Items/150dpi/gem_1.png
  artifactKey: Guid(c39e16d77426b2c4c948d7fba3d5752b) Importer(815301076,1909f56bfc062723c751e8b465ee728b)
Start importing Assets/Free Game Items/150dpi/gem_1.png using Guid(c39e16d77426b2c4c948d7fba3d5752b) Importer(815301076,1909f56bfc062723c751e8b465ee728b)  -> (artifact id: 'ee4accc330e0f75e31f4875c4011459e') in 0.028900 seconds 
========================================================================
Received Import Request.
  Time since last request: 0.000042 seconds.
  path: Assets/Free Game Items/150dpi/potion_2_empty.png
  artifactKey: Guid(68f45e999bd100c45b224fa600896f75) Importer(815301076,1909f56bfc062723c751e8b465ee728b)
Start importing Assets/Free Game Items/150dpi/potion_2_empty.png using Guid(68f45e999bd100c45b224fa600896f75) Importer(815301076,1909f56bfc062723c751e8b465ee728b)  -> (artifact id: 'c6e1c407ecd7299c612888b5b46ecd67') in 0.026666 seconds 
========================================================================
Received Import Request.
  Time since last request: 0.000036 seconds.
  path: Assets/Free Game Items/150dpi/backpack-2.png
  artifactKey: Guid(8dd922e0d91017f4eb28b71fe3f476d6) Importer(815301076,1909f56bfc062723c751e8b465ee728b)
Start importing Assets/Free Game Items/150dpi/backpack-2.png using Guid(8dd922e0d91017f4eb28b71fe3f476d6) Importer(815301076,1909f56bfc062723c751e8b465ee728b)  -> (artifact id: '211a680e3a8b38d8cbfa2f1c988731af') in 0.029073 seconds 
========================================================================
Received Import Request.
  Time since last request: 0.000034 seconds.
  path: Assets/Free Game Items/150dpi/belt.png
  artifactKey: Guid(a3f59a605d0bbbb48b130a7e0e49438e) Importer(815301076,1909f56bfc062723c751e8b465ee728b)
Start importing Assets/Free Game Items/150dpi/belt.png using Guid(a3f59a605d0bbbb48b130a7e0e49438e) Importer(815301076,1909f56bfc062723c751e8b465ee728b)  -> (artifact id: '75cd1b223bca9d62bdc90b888f84ddc9') in 0.035123 seconds 
========================================================================
Received Import Request.
  Time since last request: 0.000041 seconds.
  path: Assets/Free Game Items/150dpi/pills.png
  artifactKey: Guid(eb56624208ea0da4ba72ba9a63a1ab12) Importer(815301076,1909f56bfc062723c751e8b465ee728b)
Start importing Assets/Free Game Items/150dpi/pills.png using Guid(eb56624208ea0da4ba72ba9a63a1ab12) Importer(815301076,1909f56bfc062723c751e8b465ee728b)  -> (artifact id: '5091d6302a7de20a4cde085d294779b7') in 0.027082 seconds 
========================================================================
Received Import Request.
  Time since last request: 17.245291 seconds.
  path: Assets/LiquidFire Package 4 - BSH games
  artifactKey: Guid(0555e58a3f8602a47999c023889d0614) Importer(815301076,1909f56bfc062723c751e8b465ee728b)
Start importing Assets/LiquidFire Package 4 - BSH games using Guid(0555e58a3f8602a47999c023889d0614) Importer(815301076,1909f56bfc062723c751e8b465ee728b)  -> (artifact id: '55a2387d26107a55908379aff0a64edd') in 0.010932 seconds 
========================================================================
Received Import Request.
  Time since last request: 0.821147 seconds.
  path: Assets/LiquidFire Package 4 - BSH games/Devtoid - Gold Coins
  artifactKey: Guid(a5e7d476ccd429a4faa59988d90fe40b) Importer(815301076,1909f56bfc062723c751e8b465ee728b)
Start importing Assets/LiquidFire Package 4 - BSH games/Devtoid - Gold Coins using Guid(a5e7d476ccd429a4faa59988d90fe40b) Importer(815301076,1909f56bfc062723c751e8b465ee728b)  -> (artifact id: 'f00b143ef217b55de070465f0112574b') in 0.009892 seconds 
========================================================================
Received Prepare
Registering precompiled user dll's ...
Registered in 0.003063 seconds.
Begin MonoManager ReloadAssembly
Symbol file LoadedFromMemory doesn't match image C:\Users\samet\TP2-31006\RaceGame\Library\PackageCache\com.unity.visualscripting@1.8.0\Editor\VisualScripting.Core\Dependencies\YamlDotNet\Unity.VisualScripting.YamlDotNet.dll
Symbol file LoadedFromMemory doesn't match image C:\Users\samet\TP2-31006\RaceGame\Library\PackageCache\com.unity.visualscripting@1.8.0\Editor\VisualScripting.Core\Dependencies\DotNetZip\Unity.VisualScripting.IonicZip.dll
Native extension for WindowsStandalone target not found
Native extension for WebGL target not found
Refreshing native plugins compatible for Editor in 0.93 ms, found 3 plugins.
Preloading 0 native plugins for Editor in 0.00 ms.
Mono: successfully reloaded assembly
- Completed reload, in  1.693 seconds
Domain Reload Profiling:
	ReloadAssembly (1694ms)
		BeginReloadAssembly (243ms)
			ExecutionOrderSort (0ms)
			DisableScriptedObjects (7ms)
			BackupInstance (0ms)
			ReleaseScriptingObjects (0ms)
			CreateAndSetChildDomain (81ms)
		EndReloadAssembly (1342ms)
			LoadAssemblies (111ms)
			RebuildTransferFunctionScriptingTraits (0ms)
			SetupTypeCache (501ms)
			ReleaseScriptCaches (4ms)
			RebuildScriptCaches (71ms)
			SetupLoadedEditorAssemblies (536ms)
				LogAssemblyErrors (0ms)
				InitializePlatformSupportModulesInManaged (14ms)
				SetLoadedEditorAssemblies (1ms)
				RefreshPlugins (1ms)
				BeforeProcessingInitializeOnLoad (95ms)
				ProcessInitializeOnLoadAttributes (393ms)
				ProcessInitializeOnLoadMethodAttributes (26ms)
				AfterProcessingInitializeOnLoad (7ms)
				EditorAssembliesLoaded (0ms)
			ExecutionOrderSort2 (0ms)
			AwakeInstancesAfterBackupRestoration (7ms)
Platform modules already initialized, skipping
Refreshing native plugins compatible for Editor in 3.23 ms, found 3 plugins.
Preloading 0 native plugins for Editor in 0.00 ms.
Unloading 3051 Unused Serialized files (Serialized files now loaded: 0)
Unloading 17 unused Assets / (24.6 KB). Loaded Objects now: 3631.
Memory consumption went from 113.9 MB to 113.9 MB.
Total: 3.511000 ms (FindLiveObjects: 0.263100 ms CreateObjectMapping: 0.101900 ms MarkObjects: 3.112600 ms  DeleteObjects: 0.031600 ms)

AssetImportParameters requested are different than current active one (requested -> active):
  custom:video-decoder-ogg-theora: a1e56fd34408186e4bbccfd4996cb3dc -> 
  custom:container-muxer-webm: aa71ff27fc2769a1b78a27578f13a17b -> 
  custom:container-demuxer-webm: 4f35f7cbe854078d1ac9338744f61a02 -> 
  custom:video-encoder-webm-vp8: eb34c28f22e8b96e1ab97ce403110664 -> 
  custom:audio-encoder-webm-vorbis: bf7c407c2cedff20999df2af8eb42d56 -> 
  custom:framework-win-MediaFoundation: 216162199b28c13a410421893ffa2e32 -> 
  custom:container-demuxer-ogg: 62fdf1f143b41e24485cea50d1cbac27 -> 
  custom:video-decoder-webm-vp8: 9c59270c3fd7afecdb556c50c9e8de78 -> 
  custom:audio-decoder-ogg-vorbis: bf7c407c2cedff20999df2af8eb42d56 -> 
========================================================================
Received Import Request.
  Time since last request: 51.155614 seconds.
  path: Assets/LiquidFire Package 4 - BSH games/Devtoid - Gold Coins/3D Assets
  artifactKey: Guid(f440d3ea3c5057b42a019bccdb3229dd) Importer(815301076,1909f56bfc062723c751e8b465ee728b)
Start importing Assets/LiquidFire Package 4 - BSH games/Devtoid - Gold Coins/3D Assets using Guid(f440d3ea3c5057b42a019bccdb3229dd) Importer(815301076,1909f56bfc062723c751e8b465ee728b)  -> (artifact id: 'd3494bea3382a8ceaf4f64a24a86ca7e') in 0.017839 seconds 
========================================================================
Received Import Request.
  Time since last request: 0.002120 seconds.
  path: Assets/LiquidFire Package 4 - BSH games/Devtoid - Gold Coins/3D Assets/Cold, Silver, Copper Coins.prefab
  artifactKey: Guid(d65c5544ceb166e42ba2c0035400520e) Importer(815301076,1909f56bfc062723c751e8b465ee728b)
Start importing Assets/LiquidFire Package 4 - BSH games/Devtoid - Gold Coins/3D Assets/Cold, Silver, Copper Coins.prefab using Guid(d65c5544ceb166e42ba2c0035400520e) Importer(815301076,1909f56bfc062723c751e8b465ee728b)  -> (artifact id: '21225eccd8ea556ddcdec431a3ae46e6') in 0.265352 seconds 
========================================================================
Received Import Request.
  Time since last request: 0.316269 seconds.
  path: Assets/LiquidFire Package 4 - BSH games/Devtoid - Gold Coins/3D Assets/Copper Coin - Single
  artifactKey: Guid(e2f407958f973a94399a64a437e69909) Importer(815301076,1909f56bfc062723c751e8b465ee728b)
Start importing Assets/LiquidFire Package 4 - BSH games/Devtoid - Gold Coins/3D Assets/Copper Coin - Single using Guid(e2f407958f973a94399a64a437e69909) Importer(815301076,1909f56bfc062723c751e8b465ee728b)  -> (artifact id: '55440a61ed23b6c3485a6a791fa14efa') in 0.010297 seconds 
========================================================================
Received Import Request.
  Time since last request: 0.781749 seconds.
  path: Assets/LiquidFire Package 4 - BSH games/Devtoid - Gold Coins/3D Assets/Copper Coin - Single/Material
  artifactKey: Guid(0da7af016ded74a4dae62ba7db7a4136) Importer(815301076,1909f56bfc062723c751e8b465ee728b)
Start importing Assets/LiquidFire Package 4 - BSH games/Devtoid - Gold Coins/3D Assets/Copper Coin - Single/Material using Guid(0da7af016ded74a4dae62ba7db7a4136) Importer(815301076,1909f56bfc062723c751e8b465ee728b)  -> (artifact id: '5baf2ea4735ab099ac93ba2c7520a5d5') in 0.009918 seconds 
========================================================================
Received Import Request.
  Time since last request: 0.026964 seconds.
  path: Assets/LiquidFire Package 4 - BSH games/Devtoid - Gold Coins/3D Assets/Copper Coin - Single/Material/Copper Coin - Single.mat
  artifactKey: Guid(18b990ada69320241851d6392bb4e215) Importer(815301076,1909f56bfc062723c751e8b465ee728b)
Start importing Assets/LiquidFire Package 4 - BSH games/Devtoid - Gold Coins/3D Assets/Copper Coin - Single/Material/Copper Coin - Single.mat using Guid(18b990ada69320241851d6392bb4e215) Importer(815301076,1909f56bfc062723c751e8b465ee728b)  -> (artifact id: '385909948a02492e5a00828b3a20ffff') in 0.038420 seconds 
========================================================================
Received Import Request.
  Time since last request: 13.811973 seconds.
  path: Assets/New Road Materials
  artifactKey: Guid(08e2140ee0b67cf4ca878cb8c73213c8) Importer(815301076,1909f56bfc062723c751e8b465ee728b)
Start importing Assets/New Road Materials using Guid(08e2140ee0b67cf4ca878cb8c73213c8) Importer(815301076,1909f56bfc062723c751e8b465ee728b)  -> (artifact id: '3429229f607dd355deba89d3cc995902') in 0.009456 seconds 
========================================================================
Received Import Request.
  Time since last request: 4.071392 seconds.
  path: Assets/Thaleah_PixelFont
  artifactKey: Guid(ebb8f9dac3f548c4d854faee22ddacd0) Importer(815301076,1909f56bfc062723c751e8b465ee728b)
Start importing Assets/Thaleah_PixelFont using Guid(ebb8f9dac3f548c4d854faee22ddacd0) Importer(815301076,1909f56bfc062723c751e8b465ee728b)  -> (artifact id: '30737f5c4d385a3ef6437840e4ff7ade') in 0.008351 seconds 
========================================================================
Received Import Request.
  Time since last request: 0.036414 seconds.
  path: Assets/Thaleah_PixelFont/ThaleahFat.fontsettings
  artifactKey: Guid(652f7165b7c30ab46af6c4aad90a639b) Importer(815301076,1909f56bfc062723c751e8b465ee728b)
Start importing Assets/Thaleah_PixelFont/ThaleahFat.fontsettings using Guid(652f7165b7c30ab46af6c4aad90a639b) Importer(815301076,1909f56bfc062723c751e8b465ee728b)  -> (artifact id: '39dd229a49f8da09ee48e507609b97f3') in 0.015341 seconds 
========================================================================
Received Import Request.
  Time since last request: 0.912933 seconds.
  path: Assets/Thaleah_PixelFont/Materials
  artifactKey: Guid(5bbfc5203b36a9040838fe59081d4888) Importer(815301076,1909f56bfc062723c751e8b465ee728b)
Start importing Assets/Thaleah_PixelFont/Materials using Guid(5bbfc5203b36a9040838fe59081d4888) Importer(815301076,1909f56bfc062723c751e8b465ee728b)  -> (artifact id: '4a0f11fd5c05853d7929e6b6ecea0cba') in 0.006012 seconds 
========================================================================
Received Import Request.
  Time since last request: 0.264523 seconds.
  path: Assets/Thaleah_PixelFont/Materials/Thaleah_DemoBackground.png
  artifactKey: Guid(b324a4685d480b346b084e8a5dbacbde) Importer(815301076,1909f56bfc062723c751e8b465ee728b)
Start importing Assets/Thaleah_PixelFont/Materials/Thaleah_DemoBackground.png using Guid(b324a4685d480b346b084e8a5dbacbde) Importer(815301076,1909f56bfc062723c751e8b465ee728b)  -> (artifact id: '425fab6f053ce623f3619d7ea48264ff') in 0.039299 seconds 
========================================================================
Received Import Request.
  Time since last request: 0.000021 seconds.
  path: Assets/Thaleah_PixelFont/Materials/ThaleahFat.png
  artifactKey: Guid(0ac691dd25a276d468ee89cf1948229d) Importer(815301076,1909f56bfc062723c751e8b465ee728b)
Start importing Assets/Thaleah_PixelFont/Materials/ThaleahFat.png using Guid(0ac691dd25a276d468ee89cf1948229d) Importer(815301076,1909f56bfc062723c751e8b465ee728b)  -> (artifact id: 'c92d5c8eda66f5f030d3e2ba3c77dc10') in 0.068721 seconds 
========================================================================
Received Import Request.
  Time since last request: 5.336988 seconds.
  path: Assets/KajamansRoads
  artifactKey: Guid(a2ab1fe6fb6602f4daf6721f2b10e76a) Importer(815301076,1909f56bfc062723c751e8b465ee728b)
Start importing Assets/KajamansRoads using Guid(a2ab1fe6fb6602f4daf6721f2b10e76a) Importer(815301076,1909f56bfc062723c751e8b465ee728b)  -> (artifact id: 'ff173b3963ec1724510ed98ca3690251') in 0.011125 seconds 
========================================================================
Received Import Request.
  Time since last request: 1.167849 seconds.
  path: Assets/KajamansRoads/Materials
  artifactKey: Guid(8c7955cee5c960d4abae1b2442de3deb) Importer(815301076,1909f56bfc062723c751e8b465ee728b)
Start importing Assets/KajamansRoads/Materials using Guid(8c7955cee5c960d4abae1b2442de3deb) Importer(815301076,1909f56bfc062723c751e8b465ee728b)  -> (artifact id: '71d98f0144438309ac2c335701c5ff16') in 0.005417 seconds 
========================================================================
Received Import Request.
  Time since last request: 0.029732 seconds.
  path: Assets/KajamansRoads/Materials/1RoadMat.mat
  artifactKey: Guid(3a7596c57e2138b4c83f87f7b0aa4074) Importer(815301076,1909f56bfc062723c751e8b465ee728b)
Start importing Assets/KajamansRoads/Materials/1RoadMat.mat using Guid(3a7596c57e2138b4c83f87f7b0aa4074) Importer(815301076,1909f56bfc062723c751e8b465ee728b)  -> (artifact id: 'ed74a622b39a8365e28ab1f2b33cf72a') in 0.038770 seconds 
========================================================================
Received Import Request.
  Time since last request: 0.000028 seconds.
  path: Assets/KajamansRoads/Materials/6RoadMob.mat
  artifactKey: Guid(0c77a9b0ac420b847a6657c467b36680) Importer(815301076,1909f56bfc062723c751e8b465ee728b)
Start importing Assets/KajamansRoads/Materials/6RoadMob.mat using Guid(0c77a9b0ac420b847a6657c467b36680) Importer(815301076,1909f56bfc062723c751e8b465ee728b)  -> (artifact id: 'e8be7113cb8077bbb5ebbbe055e179c9') in 0.052225 seconds 
========================================================================
Received Import Request.
  Time since last request: 0.000044 seconds.
  path: Assets/KajamansRoads/Materials/PineMat.mat
  artifactKey: Guid(6900649d937cbd64584262b080771b22) Importer(815301076,1909f56bfc062723c751e8b465ee728b)
Start importing Assets/KajamansRoads/Materials/PineMat.mat using Guid(6900649d937cbd64584262b080771b22) Importer(815301076,1909f56bfc062723c751e8b465ee728b)  -> (artifact id: 'f9bedcfa3061e24217667f2e7fe4b1ee') in 0.047200 seconds 
========================================================================
Received Import Request.
  Time since last request: 0.000038 seconds.
  path: Assets/KajamansRoads/Materials/DirtRoadMat.mat
  artifactKey: Guid(0e2c7a3736bbcf6429b6c142c6bb36bc) Importer(815301076,1909f56bfc062723c751e8b465ee728b)
Start importing Assets/KajamansRoads/Materials/DirtRoadMat.mat using Guid(0e2c7a3736bbcf6429b6c142c6bb36bc) Importer(815301076,1909f56bfc062723c751e8b465ee728b)  -> (artifact id: 'b788b790fce768a7e3a902b2fbc26121') in 0.054015 seconds 
========================================================================
Received Import Request.
  Time since last request: 0.000034 seconds.
  path: Assets/KajamansRoads/Materials/GuardRailMat.mat
  artifactKey: Guid(fd7c9158d78c14b43ba4dfda8af7afa8) Importer(815301076,1909f56bfc062723c751e8b465ee728b)
Start importing Assets/KajamansRoads/Materials/GuardRailMat.mat using Guid(fd7c9158d78c14b43ba4dfda8af7afa8) Importer(815301076,1909f56bfc062723c751e8b465ee728b)  -> (artifact id: 'a14ec42cbb019f5ea876990f39682866') in 0.036876 seconds 
========================================================================
Received Import Request.
  Time since last request: 0.000030 seconds.
  path: Assets/KajamansRoads/Materials/TreesMob.mat
  artifactKey: Guid(1658da97f5b5f304694dc03502987a3f) Importer(815301076,1909f56bfc062723c751e8b465ee728b)
Start importing Assets/KajamansRoads/Materials/TreesMob.mat using Guid(1658da97f5b5f304694dc03502987a3f) Importer(815301076,1909f56bfc062723c751e8b465ee728b)  -> (artifact id: '0b8f4a23990445c2d168a86499ad8f59') in 0.044963 seconds 
========================================================================
Received Import Request.
  Time since last request: 0.000034 seconds.
  path: Assets/KajamansRoads/Materials/CornMob.mat
  artifactKey: Guid(722fc5104832c4544b183a83e470029e) Importer(815301076,1909f56bfc062723c751e8b465ee728b)
Start importing Assets/KajamansRoads/Materials/CornMob.mat using Guid(722fc5104832c4544b183a83e470029e) Importer(815301076,1909f56bfc062723c751e8b465ee728b)  -> (artifact id: '8b29d5e989a4731d6477cff7c4db38b7') in 0.045863 seconds 
========================================================================
Received Import Request.
  Time since last request: 0.000045 seconds.
  path: Assets/KajamansRoads/Materials/2RoadMat.mat
  artifactKey: Guid(fce506d6213fc8645809d972536683b5) Importer(815301076,1909f56bfc062723c751e8b465ee728b)
Start importing Assets/KajamansRoads/Materials/2RoadMat.mat using Guid(fce506d6213fc8645809d972536683b5) Importer(815301076,1909f56bfc062723c751e8b465ee728b)  -> (artifact id: 'bdbfb18c267e4a0bef6f1bddb15cc745') in 0.051799 seconds 
========================================================================
Received Import Request.
  Time since last request: 0.000037 seconds.
  path: Assets/KajamansRoads/Materials/GrassMob.mat
  artifactKey: Guid(8416ef8d926448d478f2d1436d6c6838) Importer(815301076,1909f56bfc062723c751e8b465ee728b)
Start importing Assets/KajamansRoads/Materials/GrassMob.mat using Guid(8416ef8d926448d478f2d1436d6c6838) Importer(815301076,1909f56bfc062723c751e8b465ee728b)  -> (artifact id: '86d22fa08c5033d6033fdc7ac36ef495') in 0.032365 seconds 
========================================================================
Received Import Request.
  Time since last request: 0.000037 seconds.
  path: Assets/KajamansRoads/Materials/CornMat.mat
  artifactKey: Guid(b075f69b3512eb747b85a1f49a275b6e) Importer(815301076,1909f56bfc062723c751e8b465ee728b)
Start importing Assets/KajamansRoads/Materials/CornMat.mat using Guid(b075f69b3512eb747b85a1f49a275b6e) Importer(815301076,1909f56bfc062723c751e8b465ee728b)  -> (artifact id: '64aaf5f0eafcce0173ecd721d2855bce') in 0.035736 seconds 
========================================================================
Received Import Request.
  Time since last request: 0.000042 seconds.
  path: Assets/KajamansRoads/Materials/2RoadMob.mat
  artifactKey: Guid(ddf1b20df9693fa4bbdc3319e0fc8b65) Importer(815301076,1909f56bfc062723c751e8b465ee728b)
Start importing Assets/KajamansRoads/Materials/2RoadMob.mat using Guid(ddf1b20df9693fa4bbdc3319e0fc8b65) Importer(815301076,1909f56bfc062723c751e8b465ee728b)  -> (artifact id: '09e004c01800660dcb79be4cdfa40d84') in 0.032375 seconds 
========================================================================
Received Import Request.
  Time since last request: 10.187433 seconds.
  path: Assets/Japanese Coin
  artifactKey: Guid(a8bcb6b072ea3914a9d8558e1d0da0ca) Importer(815301076,1909f56bfc062723c751e8b465ee728b)
Start importing Assets/Japanese Coin using Guid(a8bcb6b072ea3914a9d8558e1d0da0ca) Importer(815301076,1909f56bfc062723c751e8b465ee728b)  -> (artifact id: 'a7c2334ed1f51c5e9ee8a9220d30f1b1') in 0.009463 seconds 
========================================================================
Received Import Request.
  Time since last request: 0.034037 seconds.
  path: Assets/Japanese Coin/coin.obj
  artifactKey: Guid(69e570a331da80d4f9bb60a69b974919) Importer(815301076,1909f56bfc062723c751e8b465ee728b)
Start importing Assets/Japanese Coin/coin.obj using Guid(69e570a331da80d4f9bb60a69b974919) Importer(815301076,1909f56bfc062723c751e8b465ee728b)  -> (artifact id: '243c66070c7a3591c4194de48e1154c7') in 0.058233 seconds 
========================================================================
Received Prepare
Registering precompiled user dll's ...
Registered in 0.004511 seconds.
Begin MonoManager ReloadAssembly
Symbol file LoadedFromMemory doesn't match image C:\Users\samet\TP2-31006\RaceGame\Library\PackageCache\com.unity.visualscripting@1.8.0\Editor\VisualScripting.Core\Dependencies\YamlDotNet\Unity.VisualScripting.YamlDotNet.dll
Symbol file LoadedFromMemory doesn't match image C:\Users\samet\TP2-31006\RaceGame\Library\PackageCache\com.unity.visualscripting@1.8.0\Editor\VisualScripting.Core\Dependencies\DotNetZip\Unity.VisualScripting.IonicZip.dll
Native extension for WindowsStandalone target not found
Native extension for WebGL target not found
Refreshing native plugins compatible for Editor in 0.63 ms, found 3 plugins.
Preloading 0 native plugins for Editor in 0.00 ms.
Mono: successfully reloaded assembly
- Completed reload, in  1.185 seconds
Domain Reload Profiling:
	ReloadAssembly (1186ms)
		BeginReloadAssembly (153ms)
			ExecutionOrderSort (0ms)
			DisableScriptedObjects (5ms)
			BackupInstance (0ms)
			ReleaseScriptingObjects (0ms)
			CreateAndSetChildDomain (41ms)
		EndReloadAssembly (918ms)
			LoadAssemblies (96ms)
			RebuildTransferFunctionScriptingTraits (0ms)
			SetupTypeCache (346ms)
			ReleaseScriptCaches (2ms)
			RebuildScriptCaches (53ms)
			SetupLoadedEditorAssemblies (372ms)
				LogAssemblyErrors (0ms)
				InitializePlatformSupportModulesInManaged (8ms)
				SetLoadedEditorAssemblies (1ms)
				RefreshPlugins (1ms)
				BeforeProcessingInitializeOnLoad (78ms)
				ProcessInitializeOnLoadAttributes (250ms)
				ProcessInitializeOnLoadMethodAttributes (27ms)
				AfterProcessingInitializeOnLoad (7ms)
				EditorAssembliesLoaded (0ms)
			ExecutionOrderSort2 (0ms)
			AwakeInstancesAfterBackupRestoration (7ms)
Platform modules already initialized, skipping
Refreshing native plugins compatible for Editor in 2.15 ms, found 3 plugins.
Preloading 0 native plugins for Editor in 0.00 ms.
Unloading 3051 Unused Serialized files (Serialized files now loaded: 0)
Unloading 15 unused Assets / (24.6 KB). Loaded Objects now: 3640.
Memory consumption went from 114.0 MB to 114.0 MB.
Total: 6.465800 ms (FindLiveObjects: 0.253200 ms CreateObjectMapping: 0.092500 ms MarkObjects: 6.083500 ms  DeleteObjects: 0.034500 ms)

AssetImportParameters requested are different than current active one (requested -> active):
  custom:video-decoder-ogg-theora: a1e56fd34408186e4bbccfd4996cb3dc -> 
  custom:container-muxer-webm: aa71ff27fc2769a1b78a27578f13a17b -> 
  custom:container-demuxer-webm: 4f35f7cbe854078d1ac9338744f61a02 -> 
  custom:video-encoder-webm-vp8: eb34c28f22e8b96e1ab97ce403110664 -> 
  custom:audio-encoder-webm-vorbis: bf7c407c2cedff20999df2af8eb42d56 -> 
  custom:framework-win-MediaFoundation: 216162199b28c13a410421893ffa2e32 -> 
  custom:container-demuxer-ogg: 62fdf1f143b41e24485cea50d1cbac27 -> 
  custom:video-decoder-webm-vp8: 9c59270c3fd7afecdb556c50c9e8de78 -> 
  custom:audio-decoder-ogg-vorbis: bf7c407c2cedff20999df2af8eb42d56 -> 
